[debug] [2022-05-05T18:17:30.577Z] ----------------------------------------------------------------------
[debug] [2022-05-05T18:17:30.579Z] Command:       C:\Program Files\nodejs\node.exe C:\Users\Md Tanvir Alam\AppData\Roaming\npm\node_modules\firebase-tools\lib\bin\firebase.js deploy
[debug] [2022-05-05T18:17:30.580Z] CLI Version:   10.7.2
[debug] [2022-05-05T18:17:30.580Z] Platform:      win32
[debug] [2022-05-05T18:17:30.580Z] Node Version:  v14.18.0
[debug] [2022-05-05T18:17:30.589Z] Time:          Fri May 06 2022 00:17:30 GMT+0600 (Bangladesh Standard Time)
[debug] [2022-05-05T18:17:30.589Z] ----------------------------------------------------------------------
[debug] 
[debug] [2022-05-05T18:17:30.693Z] > command requires scopes: ["email","openid","https://www.googleapis.com/auth/cloudplatformprojects.readonly","https://www.googleapis.com/auth/firebase","https://www.googleapis.com/auth/cloud-platform"]
[debug] [2022-05-05T18:17:30.694Z] > authorizing via signed-in user (mdtanviralamht731@gmail.com)
[debug] [2022-05-05T18:17:30.694Z] [iam] checking project stone-ware-house for permissions ["firebase.projects.get","firebasehosting.sites.update"]
[debug] [2022-05-05T18:17:30.697Z] >>> [apiv2][query] POST https://cloudresourcemanager.googleapis.com/v1/projects/stone-ware-house:testIamPermissions [none]
[debug] [2022-05-05T18:17:30.697Z] >>> [apiv2][body] POST https://cloudresourcemanager.googleapis.com/v1/projects/stone-ware-house:testIamPermissions {"permissions":["firebase.projects.get","firebasehosting.sites.update"]}
[debug] [2022-05-05T18:17:34.527Z] <<< [apiv2][status] POST https://cloudresourcemanager.googleapis.com/v1/projects/stone-ware-house:testIamPermissions 200
[debug] [2022-05-05T18:17:34.527Z] <<< [apiv2][body] POST https://cloudresourcemanager.googleapis.com/v1/projects/stone-ware-house:testIamPermissions {"permissions":["firebase.projects.get","firebasehosting.sites.update"]}
[debug] [2022-05-05T18:17:34.531Z] >>> [apiv2][query] GET https://firebase.googleapis.com/v1beta1/projects/stone-ware-house [none]
[debug] [2022-05-05T18:17:36.723Z] <<< [apiv2][status] GET https://firebase.googleapis.com/v1beta1/projects/stone-ware-house 200
[debug] [2022-05-05T18:17:36.723Z] <<< [apiv2][body] GET https://firebase.googleapis.com/v1beta1/projects/stone-ware-house {"projectId":"stone-ware-house","projectNumber":"948832299583","displayName":"stone-ware-house","name":"projects/stone-ware-house","resources":{"hostingSite":"stone-ware-house"},"state":"ACTIVE"}
[info] 
[info] === Deploying to 'stone-ware-house'...
[info] 
[info] i  deploying hosting 
[debug] [2022-05-05T18:17:36.739Z] >>> [apiv2][query] GET https://firebase.googleapis.com/v1beta1/projects/stone-ware-house [none]
[debug] [2022-05-05T18:17:37.707Z] <<< [apiv2][status] GET https://firebase.googleapis.com/v1beta1/projects/stone-ware-house 200
[debug] [2022-05-05T18:17:37.707Z] <<< [apiv2][body] GET https://firebase.googleapis.com/v1beta1/projects/stone-ware-house {"projectId":"stone-ware-house","projectNumber":"948832299583","displayName":"stone-ware-house","name":"projects/stone-ware-house","resources":{"hostingSite":"stone-ware-house"},"state":"ACTIVE"}
[debug] [2022-05-05T18:17:37.709Z] >>> [apiv2][query] POST https://firebasehosting.googleapis.com/v1beta1/projects/948832299583/sites/stone-ware-house/versions [none]
[debug] [2022-05-05T18:17:37.709Z] >>> [apiv2][body] POST https://firebasehosting.googleapis.com/v1beta1/projects/948832299583/sites/stone-ware-house/versions {"config":{"rewrites":[{"glob":"**","path":"/index.html"}]},"labels":{"deployment-tool":"cli-firebase"}}
[debug] [2022-05-05T18:17:40.199Z] <<< [apiv2][status] POST https://firebasehosting.googleapis.com/v1beta1/projects/948832299583/sites/stone-ware-house/versions 200
[debug] [2022-05-05T18:17:40.199Z] <<< [apiv2][body] POST https://firebasehosting.googleapis.com/v1beta1/projects/948832299583/sites/stone-ware-house/versions {"name":"projects/948832299583/sites/stone-ware-house/versions/9a21371f29b65896","status":"CREATED","config":{"rewrites":[{"glob":"**","path":"/index.html"}]},"labels":{"deployment-tool":"cli-firebase"}}
[info] i  hosting[stone-ware-house]: beginning deploy... 
[info] i  hosting[stone-ware-house]: found 25 files in build 
[debug] [2022-05-05T18:17:40.267Z] [hosting] uploading with 200 concurrency
[debug] [2022-05-05T18:17:40.299Z] [hosting] hash cache [YnVpbGQ] stored for 25 files
[debug] [2022-05-05T18:17:40.299Z] [hosting][hash queue][FINAL] {"max":3,"min":0,"avg":0,"active":0,"complete":25,"success":25,"errored":0,"retried":0,"total":25,"elapsed":15}
[debug] [2022-05-05T18:17:40.300Z] >>> [apiv2][query] POST https://firebasehosting.googleapis.com/v1beta1/projects/948832299583/sites/stone-ware-house/versions/9a21371f29b65896:populateFiles [none]
[debug] [2022-05-05T18:17:40.300Z] >>> [apiv2][body] POST https://firebasehosting.googleapis.com/v1beta1/projects/948832299583/sites/stone-ware-house/versions/9a21371f29b65896:populateFiles {"files":{"/asset-manifest.json":"e9d0b67e95b37a8070b2deadcc40e0619cbb8ec96aa50613b35795762acbc2ea","/favicon.ico":"eae62e993eb980ec8a25058c39d5a51feab118bd2100c4deebb2a9c158ec11f9","/index.html":"714efe324fb7d0723668616840501241ab4dc87fe26e04095f64394fc1c7e150","/logo192.png":"3ee59515172ee198f3be375979df15ac5345183e656720a381b8872b2a39dc8b","/logo512.png":"ee7e2f3fdb8209c4b6fd7bef6ba50d1b9dba30a25bb5c3126df057e1cb6f5331","/manifest.json":"aff3449bdc238776f5d6d967f19ec491b36aed5fb7f23ccff6500736fd58494a","/products.json":"78d17622da6a2fc823f0b1477690d0393d42e7c563748ab9dda65d69b4d61b0a","/robots.txt":"bfe106a3fb878dc83461c86818bf74fc1bdc7f28538ba613cd3e775516ce8b49","/static/css/main.3b1e4568.css":"0342d2593cbdf3e8b708809966b6f960da75f2827c4536dbd33a76a622276dde","/static/css/main.3b1e4568.css.map":"9e98abaab02582cf517024118938973e476432b6d33ada045815487b18817274","/static/js/787.d48ab06a.chunk.js":"9bd3a00d1510a72212a613e38284a841f026353f0c76d488a47121021f0a7edc","/static/js/787.d48ab06a.chunk.js.map":"e94205c38ea6fa586d46519d868b15e398beaa7c635305e46f9d09be03d5801d","/static/js/main.78961210.js":"3960990efcfabb2d42a59b5c56438cb93605c35047c7989b938fc1a626bf565d","/static/js/main.78961210.js.LICENSE.txt":"78553a9b8615649f087806b08b520f6bc1b53811c5b0a33d94c67474db9bf639","/static/js/main.78961210.js.map":"464609c5e4e612dc4d8bd5b75077674927814b6b4be0931f29392826aeb5c874","/static/media/banner1.3ee562ade2c56829a59f.jpg":"8b013f3a035657d0c37aef2f2e3b2c387f97de848bfe224381e09517d8213ed8","/static/media/banner2 (1).7878cc3818da3f449149.jpg":"0de2bf1dfc849bd2422dc2520088d14db7a143e411945f0cc408e5872fc45252","/static/media/banner2 (2).1880f02dec11edbe358b.jpg":"7ab644afef89b2c67c2c082d1a244f57276ea481536cacb8f42588f80a89916b","/static/media/banner2 (3).8b8be6bd48d64a31b184.jpg":"a75fd815f86116153c9d90847b8e0be44ef530145fefb11d80f0aff6d8db11dd","/static/media/banner3.b8691250063b8017e0e2.jpg":"4698b520aae5e96374859610f220ae6cf209a3c33d29719231c382d411288424","/static/media/banner4.45bcead299f9031c877f.jpg":"0bb412f2f58d98db949ca38175a862c42d0c4d3d486041133532bfddb28f9ff0","/static/media/banner5.fa914e13a3c37b5f43a7.jpg":"853bf6b1d18e11e881a4d92243fe4d0f351a114230221fb3773121eaaff56d7a","/static/media/Google-Icon-PNG-768x768-removebg-preview.15fd2c41537002a6b6d1.png":"c898e6f564b6c0a30b839b143d6d89e250b17e3a6ce3dd7c85088b50ba52a990","/static/media/logo-removebg-preview.becae1ca9ef770ff300c.png":"36d29f229d9460ce2596f5058da4c4ac5689374122734ea8483723bdc4959103","/static/media/truck8.facc0d3257f73cd6631a.png":"7cab23ee823a4bc53d867555584a83e904629413a0e211d0ede723ddb40fedcd"}}
[debug] [2022-05-05T18:17:42.759Z] <<< [apiv2][status] POST https://firebasehosting.googleapis.com/v1beta1/projects/948832299583/sites/stone-ware-house/versions/9a21371f29b65896:populateFiles 200
[debug] [2022-05-05T18:17:42.759Z] <<< [apiv2][body] POST https://firebasehosting.googleapis.com/v1beta1/projects/948832299583/sites/stone-ware-house/versions/9a21371f29b65896:populateFiles {"uploadRequiredHashes":["0bb412f2f58d98db949ca38175a862c42d0c4d3d486041133532bfddb28f9ff0","0de2bf1dfc849bd2422dc2520088d14db7a143e411945f0cc408e5872fc45252","7ab644afef89b2c67c2c082d1a244f57276ea481536cacb8f42588f80a89916b","a75fd815f86116153c9d90847b8e0be44ef530145fefb11d80f0aff6d8db11dd","4698b520aae5e96374859610f220ae6cf209a3c33d29719231c382d411288424","853bf6b1d18e11e881a4d92243fe4d0f351a114230221fb3773121eaaff56d7a","8b013f3a035657d0c37aef2f2e3b2c387f97de848bfe224381e09517d8213ed8"],"uploadUrl":"https://upload-firebasehosting.googleapis.com/upload/sites/stone-ware-house/versions/9a21371f29b65896/files"}
[debug] [2022-05-05T18:17:42.761Z] >>> [apiv2][query] POST https://upload-firebasehosting.googleapis.com/upload/sites/stone-ware-house/versions/9a21371f29b65896/files/0bb412f2f58d98db949ca38175a862c42d0c4d3d486041133532bfddb28f9ff0 [none]
[debug] [2022-05-05T18:17:42.762Z] >>> [apiv2][body] POST https://upload-firebasehosting.googleapis.com/upload/sites/stone-ware-house/versions/9a21371f29b65896/files/0bb412f2f58d98db949ca38175a862c42d0c4d3d486041133532bfddb28f9ff0 [stream]
[debug] [2022-05-05T18:17:42.763Z] >>> [apiv2][query] POST https://upload-firebasehosting.googleapis.com/upload/sites/stone-ware-house/versions/9a21371f29b65896/files/0de2bf1dfc849bd2422dc2520088d14db7a143e411945f0cc408e5872fc45252 [none]
[debug] [2022-05-05T18:17:42.763Z] >>> [apiv2][body] POST https://upload-firebasehosting.googleapis.com/upload/sites/stone-ware-house/versions/9a21371f29b65896/files/0de2bf1dfc849bd2422dc2520088d14db7a143e411945f0cc408e5872fc45252 [stream]
[debug] [2022-05-05T18:17:42.764Z] >>> [apiv2][query] POST https://upload-firebasehosting.googleapis.com/upload/sites/stone-ware-house/versions/9a21371f29b65896/files/7ab644afef89b2c67c2c082d1a244f57276ea481536cacb8f42588f80a89916b [none]
[debug] [2022-05-05T18:17:42.764Z] >>> [apiv2][body] POST https://upload-firebasehosting.googleapis.com/upload/sites/stone-ware-house/versions/9a21371f29b65896/files/7ab644afef89b2c67c2c082d1a244f57276ea481536cacb8f42588f80a89916b [stream]
[debug] [2022-05-05T18:17:42.765Z] >>> [apiv2][query] POST https://upload-firebasehosting.googleapis.com/upload/sites/stone-ware-house/versions/9a21371f29b65896/files/a75fd815f86116153c9d90847b8e0be44ef530145fefb11d80f0aff6d8db11dd [none]
[debug] [2022-05-05T18:17:42.765Z] >>> [apiv2][body] POST https://upload-firebasehosting.googleapis.com/upload/sites/stone-ware-house/versions/9a21371f29b65896/files/a75fd815f86116153c9d90847b8e0be44ef530145fefb11d80f0aff6d8db11dd [stream]
[debug] [2022-05-05T18:17:42.766Z] >>> [apiv2][query] POST https://upload-firebasehosting.googleapis.com/upload/sites/stone-ware-house/versions/9a21371f29b65896/files/4698b520aae5e96374859610f220ae6cf209a3c33d29719231c382d411288424 [none]
[debug] [2022-05-05T18:17:42.766Z] >>> [apiv2][body] POST https://upload-firebasehosting.googleapis.com/upload/sites/stone-ware-house/versions/9a21371f29b65896/files/4698b520aae5e96374859610f220ae6cf209a3c33d29719231c382d411288424 [stream]
[debug] [2022-05-05T18:17:42.766Z] >>> [apiv2][query] POST https://upload-firebasehosting.googleapis.com/upload/sites/stone-ware-house/versions/9a21371f29b65896/files/853bf6b1d18e11e881a4d92243fe4d0f351a114230221fb3773121eaaff56d7a [none]
[debug] [2022-05-05T18:17:42.767Z] >>> [apiv2][body] POST https://upload-firebasehosting.googleapis.com/upload/sites/stone-ware-house/versions/9a21371f29b65896/files/853bf6b1d18e11e881a4d92243fe4d0f351a114230221fb3773121eaaff56d7a [stream]
[debug] [2022-05-05T18:17:42.767Z] >>> [apiv2][query] POST https://upload-firebasehosting.googleapis.com/upload/sites/stone-ware-house/versions/9a21371f29b65896/files/8b013f3a035657d0c37aef2f2e3b2c387f97de848bfe224381e09517d8213ed8 [none]
[debug] [2022-05-05T18:17:42.767Z] >>> [apiv2][body] POST https://upload-firebasehosting.googleapis.com/upload/sites/stone-ware-house/versions/9a21371f29b65896/files/8b013f3a035657d0c37aef2f2e3b2c387f97de848bfe224381e09517d8213ed8 [stream]
[debug] [2022-05-05T18:17:42.768Z] [hosting][populate queue][FINAL] {"max":2474,"min":2474,"avg":2474,"active":0,"complete":1,"success":1,"errored":0,"retried":0,"total":1,"elapsed":2481}
[debug] [2022-05-05T18:17:42.768Z] [hosting] uploads queued: 7
[debug] [2022-05-05T18:18:13.166Z] [uploadQueue] Retrying task 0de2bf1dfc849bd2422dc2520088d14db7a143e411945f0cc408e5872fc45252
[debug] [2022-05-05T18:18:13.167Z] >>> [apiv2][query] POST https://upload-firebasehosting.googleapis.com/upload/sites/stone-ware-house/versions/9a21371f29b65896/files/0de2bf1dfc849bd2422dc2520088d14db7a143e411945f0cc408e5872fc45252 [none]
[debug] [2022-05-05T18:18:13.167Z] >>> [apiv2][body] POST https://upload-firebasehosting.googleapis.com/upload/sites/stone-ware-house/versions/9a21371f29b65896/files/0de2bf1dfc849bd2422dc2520088d14db7a143e411945f0cc408e5872fc45252 [stream]
[debug] [2022-05-05T18:18:24.017Z] [uploadQueue] Retrying task 0bb412f2f58d98db949ca38175a862c42d0c4d3d486041133532bfddb28f9ff0
[debug] [2022-05-05T18:18:24.020Z] >>> [apiv2][query] POST https://upload-firebasehosting.googleapis.com/upload/sites/stone-ware-house/versions/9a21371f29b65896/files/0bb412f2f58d98db949ca38175a862c42d0c4d3d486041133532bfddb28f9ff0 [none]
[debug] [2022-05-05T18:18:24.022Z] >>> [apiv2][body] POST https://upload-firebasehosting.googleapis.com/upload/sites/stone-ware-house/versions/9a21371f29b65896/files/0bb412f2f58d98db949ca38175a862c42d0c4d3d486041133532bfddb28f9ff0 [stream]
[debug] [2022-05-05T18:18:31.272Z] [uploadQueue] Retrying task 853bf6b1d18e11e881a4d92243fe4d0f351a114230221fb3773121eaaff56d7a
[debug] [2022-05-05T18:18:31.274Z] >>> [apiv2][query] POST https://upload-firebasehosting.googleapis.com/upload/sites/stone-ware-house/versions/9a21371f29b65896/files/853bf6b1d18e11e881a4d92243fe4d0f351a114230221fb3773121eaaff56d7a [none]
[debug] [2022-05-05T18:18:31.274Z] >>> [apiv2][body] POST https://upload-firebasehosting.googleapis.com/upload/sites/stone-ware-house/versions/9a21371f29b65896/files/853bf6b1d18e11e881a4d92243fe4d0f351a114230221fb3773121eaaff56d7a [stream]
[debug] [2022-05-05T18:18:39.975Z] [uploadQueue] Retrying task 7ab644afef89b2c67c2c082d1a244f57276ea481536cacb8f42588f80a89916b
[debug] [2022-05-05T18:18:39.978Z] >>> [apiv2][query] POST https://upload-firebasehosting.googleapis.com/upload/sites/stone-ware-house/versions/9a21371f29b65896/files/7ab644afef89b2c67c2c082d1a244f57276ea481536cacb8f42588f80a89916b [none]
[debug] [2022-05-05T18:18:39.978Z] >>> [apiv2][body] POST https://upload-firebasehosting.googleapis.com/upload/sites/stone-ware-house/versions/9a21371f29b65896/files/7ab644afef89b2c67c2c082d1a244f57276ea481536cacb8f42588f80a89916b [stream]
[debug] [2022-05-05T18:18:43.164Z] [uploadQueue] Retrying task 0bb412f2f58d98db949ca38175a862c42d0c4d3d486041133532bfddb28f9ff0
[debug] [2022-05-05T18:18:43.165Z] >>> [apiv2][query] POST https://upload-firebasehosting.googleapis.com/upload/sites/stone-ware-house/versions/9a21371f29b65896/files/0bb412f2f58d98db949ca38175a862c42d0c4d3d486041133532bfddb28f9ff0 [none]
[debug] [2022-05-05T18:18:43.165Z] >>> [apiv2][body] POST https://upload-firebasehosting.googleapis.com/upload/sites/stone-ware-house/versions/9a21371f29b65896/files/0bb412f2f58d98db949ca38175a862c42d0c4d3d486041133532bfddb28f9ff0 [stream]
[debug] [2022-05-05T18:18:43.983Z] [uploadQueue] Retrying task 0de2bf1dfc849bd2422dc2520088d14db7a143e411945f0cc408e5872fc45252
[debug] [2022-05-05T18:18:43.984Z] >>> [apiv2][query] POST https://upload-firebasehosting.googleapis.com/upload/sites/stone-ware-house/versions/9a21371f29b65896/files/0de2bf1dfc849bd2422dc2520088d14db7a143e411945f0cc408e5872fc45252 [none]
[debug] [2022-05-05T18:18:43.984Z] >>> [apiv2][body] POST https://upload-firebasehosting.googleapis.com/upload/sites/stone-ware-house/versions/9a21371f29b65896/files/0de2bf1dfc849bd2422dc2520088d14db7a143e411945f0cc408e5872fc45252 [stream]
[debug] [2022-05-05T18:18:47.546Z] [uploadQueue] Retrying task 8b013f3a035657d0c37aef2f2e3b2c387f97de848bfe224381e09517d8213ed8
[debug] [2022-05-05T18:18:47.547Z] >>> [apiv2][query] POST https://upload-firebasehosting.googleapis.com/upload/sites/stone-ware-house/versions/9a21371f29b65896/files/8b013f3a035657d0c37aef2f2e3b2c387f97de848bfe224381e09517d8213ed8 [none]
[debug] [2022-05-05T18:18:47.547Z] >>> [apiv2][body] POST https://upload-firebasehosting.googleapis.com/upload/sites/stone-ware-house/versions/9a21371f29b65896/files/8b013f3a035657d0c37aef2f2e3b2c387f97de848bfe224381e09517d8213ed8 [stream]
[debug] [2022-05-05T18:18:49.728Z] [uploadQueue] Retrying task 853bf6b1d18e11e881a4d92243fe4d0f351a114230221fb3773121eaaff56d7a
[debug] [2022-05-05T18:18:49.730Z] >>> [apiv2][query] POST https://upload-firebasehosting.googleapis.com/upload/sites/stone-ware-house/versions/9a21371f29b65896/files/853bf6b1d18e11e881a4d92243fe4d0f351a114230221fb3773121eaaff56d7a [none]
[debug] [2022-05-05T18:18:49.731Z] >>> [apiv2][body] POST https://upload-firebasehosting.googleapis.com/upload/sites/stone-ware-house/versions/9a21371f29b65896/files/853bf6b1d18e11e881a4d92243fe4d0f351a114230221fb3773121eaaff56d7a [stream]
[debug] [2022-05-05T18:19:01.825Z] [uploadQueue] Retrying task 7ab644afef89b2c67c2c082d1a244f57276ea481536cacb8f42588f80a89916b
[debug] [2022-05-05T18:19:01.827Z] >>> [apiv2][query] POST https://upload-firebasehosting.googleapis.com/upload/sites/stone-ware-house/versions/9a21371f29b65896/files/7ab644afef89b2c67c2c082d1a244f57276ea481536cacb8f42588f80a89916b [none]
[debug] [2022-05-05T18:19:01.827Z] >>> [apiv2][body] POST https://upload-firebasehosting.googleapis.com/upload/sites/stone-ware-house/versions/9a21371f29b65896/files/7ab644afef89b2c67c2c082d1a244f57276ea481536cacb8f42588f80a89916b [stream]
[debug] [2022-05-05T18:19:05.799Z] [uploadQueue] Retrying task 0bb412f2f58d98db949ca38175a862c42d0c4d3d486041133532bfddb28f9ff0
[debug] [2022-05-05T18:19:05.800Z] >>> [apiv2][query] POST https://upload-firebasehosting.googleapis.com/upload/sites/stone-ware-house/versions/9a21371f29b65896/files/0bb412f2f58d98db949ca38175a862c42d0c4d3d486041133532bfddb28f9ff0 [none]
[debug] [2022-05-05T18:19:05.800Z] >>> [apiv2][body] POST https://upload-firebasehosting.googleapis.com/upload/sites/stone-ware-house/versions/9a21371f29b65896/files/0bb412f2f58d98db949ca38175a862c42d0c4d3d486041133532bfddb28f9ff0 [stream]
[debug] [2022-05-05T18:19:06.646Z] [uploadQueue] Retrying task 0de2bf1dfc849bd2422dc2520088d14db7a143e411945f0cc408e5872fc45252
[debug] [2022-05-05T18:19:06.647Z] >>> [apiv2][query] POST https://upload-firebasehosting.googleapis.com/upload/sites/stone-ware-house/versions/9a21371f29b65896/files/0de2bf1dfc849bd2422dc2520088d14db7a143e411945f0cc408e5872fc45252 [none]
[debug] [2022-05-05T18:19:06.647Z] >>> [apiv2][body] POST https://upload-firebasehosting.googleapis.com/upload/sites/stone-ware-house/versions/9a21371f29b65896/files/0de2bf1dfc849bd2422dc2520088d14db7a143e411945f0cc408e5872fc45252 [stream]
[debug] [2022-05-05T18:19:09.418Z] [uploadQueue] Retrying task 8b013f3a035657d0c37aef2f2e3b2c387f97de848bfe224381e09517d8213ed8
[debug] [2022-05-05T18:19:09.420Z] >>> [apiv2][query] POST https://upload-firebasehosting.googleapis.com/upload/sites/stone-ware-house/versions/9a21371f29b65896/files/8b013f3a035657d0c37aef2f2e3b2c387f97de848bfe224381e09517d8213ed8 [none]
[debug] [2022-05-05T18:19:09.421Z] >>> [apiv2][body] POST https://upload-firebasehosting.googleapis.com/upload/sites/stone-ware-house/versions/9a21371f29b65896/files/8b013f3a035657d0c37aef2f2e3b2c387f97de848bfe224381e09517d8213ed8 [stream]
[debug] [2022-05-05T18:19:12.374Z] [uploadQueue] Retrying task 853bf6b1d18e11e881a4d92243fe4d0f351a114230221fb3773121eaaff56d7a
[debug] [2022-05-05T18:19:12.375Z] >>> [apiv2][query] POST https://upload-firebasehosting.googleapis.com/upload/sites/stone-ware-house/versions/9a21371f29b65896/files/853bf6b1d18e11e881a4d92243fe4d0f351a114230221fb3773121eaaff56d7a [none]
[debug] [2022-05-05T18:19:12.375Z] >>> [apiv2][body] POST https://upload-firebasehosting.googleapis.com/upload/sites/stone-ware-house/versions/9a21371f29b65896/files/853bf6b1d18e11e881a4d92243fe4d0f351a114230221fb3773121eaaff56d7a [stream]
